{"total": {"lines":{"total":125,"covered":51,"skipped":0,"pct":40.8},"statements":{"total":131,"covered":56,"skipped":0,"pct":42.74},"functions":{"total":40,"covered":15,"skipped":0,"pct":37.5},"branches":{"total":32,"covered":16,"skipped":0,"pct":50},"branchesTrue":{"total":0,"covered":0,"skipped":0,"pct":100}}
,"C:\\Users\\JakkaAbhilashReddy\\Desktop\\AI_KATA\\forge-office-supply\\src\\components\\layout\\DashboardLayout.tsx": {"lines":{"total":14,"covered":0,"skipped":0,"pct":0},"functions":{"total":7,"covered":0,"skipped":0,"pct":0},"statements":{"total":15,"covered":0,"skipped":0,"pct":0},"branches":{"total":10,"covered":0,"skipped":0,"pct":0}}
,"C:\\Users\\JakkaAbhilashReddy\\Desktop\\AI_KATA\\forge-office-supply\\src\\components\\ui\\badge.tsx": {"lines":{"total":2,"covered":2,"skipped":0,"pct":100},"functions":{"total":1,"covered":1,"skipped":0,"pct":100},"statements":{"total":2,"covered":2,"skipped":0,"pct":100},"branches":{"total":0,"covered":0,"skipped":0,"pct":100}}
,"C:\\Users\\JakkaAbhilashReddy\\Desktop\\AI_KATA\\forge-office-supply\\src\\components\\ui\\button.tsx": {"lines":{"total":5,"covered":5,"skipped":0,"pct":100},"functions":{"total":1,"covered":1,"skipped":0,"pct":100},"statements":{"total":5,"covered":5,"skipped":0,"pct":100},"branches":{"total":3,"covered":2,"skipped":0,"pct":66.66}}
,"C:\\Users\\JakkaAbhilashReddy\\Desktop\\AI_KATA\\forge-office-supply\\src\\components\\ui\\card.tsx": {"lines":{"total":18,"covered":16,"skipped":0,"pct":88.88},"functions":{"total":6,"covered":4,"skipped":0,"pct":66.66},"statements":{"total":18,"covered":16,"skipped":0,"pct":88.88},"branches":{"total":0,"covered":0,"skipped":0,"pct":100}}
,"C:\\Users\\JakkaAbhilashReddy\\Desktop\\AI_KATA\\forge-office-supply\\src\\components\\ui\\dialog.tsx": {"lines":{"total":19,"covered":0,"skipped":0,"pct":0},"functions":{"total":5,"covered":0,"skipped":0,"pct":0},"statements":{"total":19,"covered":0,"skipped":0,"pct":0},"branches":{"total":0,"covered":0,"skipped":0,"pct":100}}
,"C:\\Users\\JakkaAbhilashReddy\\Desktop\\AI_KATA\\forge-office-supply\\src\\components\\ui\\input.tsx": {"lines":{"total":3,"covered":3,"skipped":0,"pct":100},"functions":{"total":1,"covered":1,"skipped":0,"pct":100},"statements":{"total":3,"covered":3,"skipped":0,"pct":100},"branches":{"total":0,"covered":0,"skipped":0,"pct":100}}
,"C:\\Users\\JakkaAbhilashReddy\\Desktop\\AI_KATA\\forge-office-supply\\src\\components\\ui\\label.tsx": {"lines":{"total":5,"covered":0,"skipped":0,"pct":0},"functions":{"total":1,"covered":0,"skipped":0,"pct":0},"statements":{"total":5,"covered":0,"skipped":0,"pct":0},"branches":{"total":0,"covered":0,"skipped":0,"pct":100}}
,"C:\\Users\\JakkaAbhilashReddy\\Desktop\\AI_KATA\\forge-office-supply\\src\\components\\ui\\select.tsx": {"lines":{"total":13,"covered":0,"skipped":0,"pct":0},"functions":{"total":3,"covered":0,"skipped":0,"pct":0},"statements":{"total":13,"covered":0,"skipped":0,"pct":0},"branches":{"total":5,"covered":0,"skipped":0,"pct":0}}
,"C:\\Users\\JakkaAbhilashReddy\\Desktop\\AI_KATA\\forge-office-supply\\src\\components\\ui\\table.tsx": {"lines":{"total":18,"covered":0,"skipped":0,"pct":0},"functions":{"total":6,"covered":0,"skipped":0,"pct":0},"statements":{"total":18,"covered":0,"skipped":0,"pct":0},"branches":{"total":0,"covered":0,"skipped":0,"pct":100}}
,"C:\\Users\\JakkaAbhilashReddy\\Desktop\\AI_KATA\\forge-office-supply\\src\\components\\ui\\textarea.tsx": {"lines":{"total":3,"covered":0,"skipped":0,"pct":0},"functions":{"total":1,"covered":0,"skipped":0,"pct":0},"statements":{"total":3,"covered":0,"skipped":0,"pct":0},"branches":{"total":0,"covered":0,"skipped":0,"pct":100}}
,"C:\\Users\\JakkaAbhilashReddy\\Desktop\\AI_KATA\\forge-office-supply\\src\\lib\\validations\\index.ts": {"lines":{"total":3,"covered":3,"skipped":0,"pct":100},"functions":{"total":0,"covered":0,"skipped":0,"pct":100},"statements":{"total":3,"covered":3,"skipped":0,"pct":100},"branches":{"total":0,"covered":0,"skipped":0,"pct":100}}
,"C:\\Users\\JakkaAbhilashReddy\\Desktop\\AI_KATA\\forge-office-supply\\src\\services\\inventory.ts": {"lines":{"total":2,"covered":2,"skipped":0,"pct":100},"functions":{"total":2,"covered":2,"skipped":0,"pct":100},"statements":{"total":3,"covered":3,"skipped":0,"pct":100},"branches":{"total":0,"covered":0,"skipped":0,"pct":100}}
,"C:\\Users\\JakkaAbhilashReddy\\Desktop\\AI_KATA\\forge-office-supply\\src\\services\\requests.ts": {"lines":{"total":20,"covered":20,"skipped":0,"pct":100},"functions":{"total":6,"covered":6,"skipped":0,"pct":100},"statements":{"total":24,"covered":24,"skipped":0,"pct":100},"branches":{"total":14,"covered":14,"skipped":0,"pct":100}}
}
